<?xml version="1.0" encoding="UTF-8"?>
<beans xmlns="http://www.springframework.org/schema/beans"
	xmlns:xsi="http://www.w3.org/2001/XMLSchema-instance"
	xmlns:context="http://www.springframework.org/schema/context"
	xsi:schemaLocation="http://www.springframework.org/schema/beans 
											http://www.springframework.org/schema/beans/spring-beans.xsd
											http://www.springframework.org/schema/context
											http://www.springframework.org/schema/context/spring-context-4.1.xsd ">
<!--  -->

	<context:component-scan base-package="kr.ac.mju"/>
	
	<bean id="dataSource" class="org.springframework.jdbc.datasource.SimpleDriverDataSource">
		<property name="driverClass" value="com.mysql.jdbc.Driver"/>
		<property name="url" value="jdbc:mysql://localhost/sogongtest"/>
		<property name="username" value="root"/>
		<property name="password" value="tiger"/>
	</bean>
</beans>
